<?xml version="1.0" encoding="UTF-8"?>
<robot generator="Robot 4.1.1 (Python 3.9.7 on win32)" generated="20220829 22:04:28.055" rpa="false" schemaversion="2">
<suite id="s1" name="Hurb" source="E:\DH\2o_ano\2o_bimestre\testing-II\testing-II\robot\Hurb.robot">
<test id="s1-t1" name="Processo de compra de um pacote de viagens">
<kw name="Dado que eu estou no site do Hurb" library="Hurb">
<kw name="Open Browser" library="SeleniumLibrary">
<arg>${SITE}</arg>
<arg>${NAVEGADOR}</arg>
<doc>Opens a new browser instance to the optional ``url``.</doc>
<msg timestamp="20220829 22:04:28.429" level="INFO">Opening browser 'Chrome' to base url 'https://www.hurb.com/br'.</msg>
<status status="PASS" starttime="20220829 22:04:28.428" endtime="20220829 22:04:35.572"/>
</kw>
<kw name="Maximize Browser Window" library="SeleniumLibrary">
<doc>Maximizes current browser window.</doc>
<status status="PASS" starttime="20220829 22:04:35.574" endtime="20220829 22:04:36.201"/>
</kw>
<status status="PASS" starttime="20220829 22:04:28.428" endtime="20220829 22:04:36.201"/>
</kw>
<kw name="Quando aceito os cookies do site" library="Hurb">
<kw name="Sleep" library="BuiltIn">
<arg>5</arg>
<doc>Pauses the test executed for the given time.</doc>
<msg timestamp="20220829 22:04:41.204" level="INFO">Slept 5 seconds</msg>
<status status="PASS" starttime="20220829 22:04:36.203" endtime="20220829 22:04:41.206"/>
</kw>
<kw name="Wait and Click" library="Hurb">
<arg>${BOTAO_COOKIES}</arg>
<kw name="Wait Until Element Is Visible" library="SeleniumLibrary">
<arg>${ELEMENTO}</arg>
<doc>Waits until the element ``locator`` is visible.</doc>
<status status="PASS" starttime="20220829 22:04:41.207" endtime="20220829 22:04:41.251"/>
</kw>
<kw name="Wait Until Element Is Enabled" library="SeleniumLibrary">
<arg>${ELEMENTO}</arg>
<doc>Waits until the element ``locator`` is enabled.</doc>
<status status="PASS" starttime="20220829 22:04:41.251" endtime="20220829 22:04:41.290"/>
</kw>
<kw name="Click Element" library="SeleniumLibrary">
<arg>${ELEMENTO}</arg>
<doc>Click the element identified by ``locator``.</doc>
<msg timestamp="20220829 22:04:41.291" level="INFO">Clicking element 'xpath=//*[@id="CybotCookiebotDialogBodyLevelButtonLevelOptinAllowAll"]'.</msg>
<status status="PASS" starttime="20220829 22:04:41.290" endtime="20220829 22:04:41.407"/>
</kw>
<status status="PASS" starttime="20220829 22:04:41.206" endtime="20220829 22:04:41.407"/>
</kw>
<status status="PASS" starttime="20220829 22:04:36.202" endtime="20220829 22:04:41.407"/>
</kw>
<kw name="Close Browser" library="SeleniumLibrary" type="TEARDOWN">
<doc>Closes the current browser.</doc>
<status status="PASS" starttime="20220829 22:04:41.408" endtime="20220829 22:04:44.689"/>
</kw>
<status status="PASS" starttime="20220829 22:04:28.425" endtime="20220829 22:04:44.691"/>
</test>
<status status="PASS" starttime="20220829 22:04:28.058" endtime="20220829 22:04:44.695"/>
</suite>
<statistics>
<total>
<stat pass="1" fail="0" skip="0">All Tests</stat>
</total>
<tag>
</tag>
<suite>
<stat pass="1" fail="0" skip="0" id="s1" name="Hurb">Hurb</stat>
</suite>
</statistics>
<errors>
</errors>
</robot>
