<?xml version="1.0" encoding="UTF-8"?>
<robot generator="Robot 4.1.1 (Python 3.9.7 on win32)" generated="20220829 22:34:02.982" rpa="false" schemaversion="2">
<suite id="s1" name="Hurb" source="E:\DH\2o_ano\2o_bimestre\testing-II\testing-II\robot\Hurb.robot">
<test id="s1-t1" name="Processo de compra de um pacote de viagens">
<kw name="Dado que eu estou no site do Hurb" library="Hurb">
<kw name="Open Browser" library="SeleniumLibrary">
<arg>${SITE}</arg>
<arg>${NAVEGADOR}</arg>
<doc>Opens a new browser instance to the optional ``url``.</doc>
<msg timestamp="20220829 22:34:03.338" level="INFO">Opening browser 'Chrome' to base url 'https://www.hurb.com/br'.</msg>
<status status="PASS" starttime="20220829 22:34:03.337" endtime="20220829 22:34:10.868"/>
</kw>
<kw name="Maximize Browser Window" library="SeleniumLibrary">
<doc>Maximizes current browser window.</doc>
<status status="PASS" starttime="20220829 22:34:10.868" endtime="20220829 22:34:11.428"/>
</kw>
<status status="PASS" starttime="20220829 22:34:03.336" endtime="20220829 22:34:11.429"/>
</kw>
<kw name="Quando aceito os cookies do site" library="Hurb">
<kw name="Sleep" library="BuiltIn">
<arg>5</arg>
<doc>Pauses the test executed for the given time.</doc>
<msg timestamp="20220829 22:34:16.434" level="INFO">Slept 5 seconds</msg>
<status status="PASS" starttime="20220829 22:34:11.431" endtime="20220829 22:34:16.434"/>
</kw>
<kw name="Wait and Click" library="Hurb">
<arg>${BOTAO_COOKIES}</arg>
<kw name="Wait Until Element Is Visible" library="SeleniumLibrary">
<arg>${ELEMENTO}</arg>
<doc>Waits until the element ``locator`` is visible.</doc>
<status status="PASS" starttime="20220829 22:34:16.435" endtime="20220829 22:34:16.471"/>
</kw>
<kw name="Wait Until Element Is Enabled" library="SeleniumLibrary">
<arg>${ELEMENTO}</arg>
<doc>Waits until the element ``locator`` is enabled.</doc>
<status status="PASS" starttime="20220829 22:34:16.471" endtime="20220829 22:34:16.509"/>
</kw>
<kw name="Click Element" library="SeleniumLibrary">
<arg>${ELEMENTO}</arg>
<doc>Click the element identified by ``locator``.</doc>
<msg timestamp="20220829 22:34:16.510" level="INFO">Clicking element 'xpath=//*[@id="CybotCookiebotDialogBodyLevelButtonLevelOptinAllowAll"]'.</msg>
<status status="PASS" starttime="20220829 22:34:16.510" endtime="20220829 22:34:16.589"/>
</kw>
<status status="PASS" starttime="20220829 22:34:16.434" endtime="20220829 22:34:16.589"/>
</kw>
<status status="PASS" starttime="20220829 22:34:11.430" endtime="20220829 22:34:16.589"/>
</kw>
<kw name="E busco por um pacote de viagens para &quot;Buenos Aires&quot;" library="Hurb">
<kw name="Wait and Click" library="Hurb">
<arg>${BOTAO_PACOTES}</arg>
<kw name="Wait Until Element Is Visible" library="SeleniumLibrary">
<arg>${ELEMENTO}</arg>
<doc>Waits until the element ``locator`` is visible.</doc>
<status status="PASS" starttime="20220829 22:34:16.592" endtime="20220829 22:34:16.627"/>
</kw>
<kw name="Wait Until Element Is Enabled" library="SeleniumLibrary">
<arg>${ELEMENTO}</arg>
<doc>Waits until the element ``locator`` is enabled.</doc>
<status status="PASS" starttime="20220829 22:34:16.627" endtime="20220829 22:34:16.654"/>
</kw>
<kw name="Click Element" library="SeleniumLibrary">
<arg>${ELEMENTO}</arg>
<doc>Click the element identified by ``locator``.</doc>
<msg timestamp="20220829 22:34:16.654" level="INFO">Clicking element 'xpath=//*[@id="__next"]/div[1]/div[2]/div/div/div[1]/div/div/button[2]'.</msg>
<status status="PASS" starttime="20220829 22:34:16.654" endtime="20220829 22:34:16.737"/>
</kw>
<status status="PASS" starttime="20220829 22:34:16.591" endtime="20220829 22:34:16.737"/>
</kw>
<kw name="Wait and Input Text" library="Hurb">
<arg>${INPUT_DESTINO}</arg>
<arg>${TEXTO_DESTINO}</arg>
<kw name="Wait Until Element Is Visible" library="SeleniumLibrary">
<arg>${ELEMENTO}</arg>
<doc>Waits until the element ``locator`` is visible.</doc>
<status status="PASS" starttime="20220829 22:34:16.738" endtime="20220829 22:34:16.773"/>
</kw>
<kw name="Input Text" library="SeleniumLibrary">
<arg>${ELEMENTO}</arg>
<arg>${TEXTO}</arg>
<doc>Types the given ``text`` into the text field identified by ``locator``.</doc>
<msg timestamp="20220829 22:34:16.774" level="INFO">Typing text 'Buenos Aires' into text field 'xpath=//*[@id="destination-input"]'.</msg>
<status status="PASS" starttime="20220829 22:34:16.773" endtime="20220829 22:34:17.095"/>
</kw>
<status status="PASS" starttime="20220829 22:34:16.737" endtime="20220829 22:34:17.095"/>
</kw>
<kw name="Wait and Click" library="Hurb">
<arg>${BOTAO_PESQUISAR}</arg>
<kw name="Wait Until Element Is Visible" library="SeleniumLibrary">
<arg>${ELEMENTO}</arg>
<doc>Waits until the element ``locator`` is visible.</doc>
<status status="PASS" starttime="20220829 22:34:17.096" endtime="20220829 22:34:17.134"/>
</kw>
<kw name="Wait Until Element Is Enabled" library="SeleniumLibrary">
<arg>${ELEMENTO}</arg>
<doc>Waits until the element ``locator`` is enabled.</doc>
<status status="PASS" starttime="20220829 22:34:17.134" endtime="20220829 22:34:17.164"/>
</kw>
<kw name="Click Element" library="SeleniumLibrary">
<arg>${ELEMENTO}</arg>
<doc>Click the element identified by ``locator``.</doc>
<msg timestamp="20220829 22:34:17.165" level="INFO">Clicking element 'xpath=//*[@id="__next"]/div[1]/div[2]/div/div/div[2]/button'.</msg>
<status status="PASS" starttime="20220829 22:34:17.164" endtime="20220829 22:34:21.887"/>
</kw>
<status status="PASS" starttime="20220829 22:34:17.095" endtime="20220829 22:34:21.887"/>
</kw>
<status status="PASS" starttime="20220829 22:34:16.590" endtime="20220829 22:34:21.888"/>
</kw>
<kw name="E seleciono o primeiro pacote dos resultados" library="Hurb">
<kw name="Wait and Click" library="Hurb">
<arg>${PRIMEIRO_RESULTADO}</arg>
<kw name="Wait Until Element Is Visible" library="SeleniumLibrary">
<arg>${ELEMENTO}</arg>
<doc>Waits until the element ``locator`` is visible.</doc>
<status status="PASS" starttime="20220829 22:34:21.891" endtime="20220829 22:34:21.977"/>
</kw>
<kw name="Wait Until Element Is Enabled" library="SeleniumLibrary">
<arg>${ELEMENTO}</arg>
<doc>Waits until the element ``locator`` is enabled.</doc>
<status status="PASS" starttime="20220829 22:34:21.978" endtime="20220829 22:34:22.017"/>
</kw>
<kw name="Click Element" library="SeleniumLibrary">
<arg>${ELEMENTO}</arg>
<doc>Click the element identified by ``locator``.</doc>
<msg timestamp="20220829 22:34:22.018" level="INFO">Clicking element 'xpath=//*[@id="__next"]/div/main/section/div[2]/a[1]/div[1]/img'.</msg>
<status status="PASS" starttime="20220829 22:34:22.017" endtime="20220829 22:34:22.547"/>
</kw>
<status status="PASS" starttime="20220829 22:34:21.890" endtime="20220829 22:34:22.547"/>
</kw>
<kw name="Switch Window" library="SeleniumLibrary">
<arg>NEW</arg>
<doc>Switches to browser window matching ``locator``.</doc>
<status status="PASS" starttime="20220829 22:34:22.547" endtime="20220829 22:34:22.586"/>
</kw>
<kw name="Page Should Contain" library="SeleniumLibrary">
<arg>${TEXTO_DESTINO}</arg>
<doc>Verifies that current page contains ``text``.</doc>
<msg timestamp="20220829 22:34:29.248" level="INFO">Current page contains text 'Buenos Aires'.</msg>
<status status="PASS" starttime="20220829 22:34:22.587" endtime="20220829 22:34:29.248"/>
</kw>
<status status="PASS" starttime="20220829 22:34:21.889" endtime="20220829 22:34:29.248"/>
</kw>
<kw name="Close Browser" library="SeleniumLibrary" type="TEARDOWN">
<doc>Closes the current browser.</doc>
<status status="PASS" starttime="20220829 22:34:29.258" endtime="20220829 22:34:35.587"/>
</kw>
<status status="PASS" starttime="20220829 22:34:03.335" endtime="20220829 22:34:35.588"/>
</test>
<status status="PASS" starttime="20220829 22:34:02.986" endtime="20220829 22:34:35.596"/>
</suite>
<statistics>
<total>
<stat pass="1" fail="0" skip="0">All Tests</stat>
</total>
<tag>
</tag>
<suite>
<stat pass="1" fail="0" skip="0" id="s1" name="Hurb">Hurb</stat>
</suite>
</statistics>
<errors>
</errors>
</robot>
