<?xml version="1.0" encoding="UTF-8"?>
<robot generator="Robot 4.1.1 (Python 3.9.7 on win32)" generated="20220830 22:25:46.892" rpa="false" schemaversion="2">
<suite id="s1" name="Poke" source="E:\DH\2o_ano\2o_bimestre\testing-II\testing-II\robot\Poke.robot">
<test id="s1-t1" name="Validação da PokeAPI">
<kw name="Consulta de Pokemons por nome cor" library="Poke">
<kw name="Verificar nome cor" library="Poke">
<arg>red</arg>
<kw name="Create Session">
<arg>pokeapi</arg>
<arg>${HOST}${COR}</arg>
<msg timestamp="20220830 22:25:46.962" level="FAIL">No keyword with name 'Create Session' found.</msg>
<status status="FAIL" starttime="20220830 22:25:46.962" endtime="20220830 22:25:46.962"/>
</kw>
<kw name="GET On Session">
<var>${RESPOSTA}=</var>
<arg>pokeapi</arg>
<arg>${HOST}${COR}</arg>
<status status="NOT RUN" starttime="20220830 22:25:46.964" endtime="20220830 22:25:46.964"/>
</kw>
<kw name="Set Test Variable" library="BuiltIn">
<arg>${RESPOSTA}</arg>
<doc>Makes a variable available everywhere within the scope of the current test.</doc>
<status status="NOT RUN" starttime="20220830 22:25:46.964" endtime="20220830 22:25:46.964"/>
</kw>
<status status="FAIL" starttime="20220830 22:25:46.959" endtime="20220830 22:25:46.965"/>
</kw>
<kw name="Confere status code" library="Poke">
<arg>200</arg>
<status status="NOT RUN" starttime="20220830 22:25:46.965" endtime="20220830 22:25:46.965"/>
</kw>
<status status="FAIL" starttime="20220830 22:25:46.958" endtime="20220830 22:25:46.969"/>
</kw>
<kw name="Consulta de Pokemons por id cor" library="Poke">
<status status="NOT RUN" starttime="20220830 22:25:46.970" endtime="20220830 22:25:46.971"/>
</kw>
<status status="FAIL" starttime="20220830 22:25:46.957" endtime="20220830 22:25:46.971">No keyword with name 'Create Session' found.</status>
</test>
<status status="FAIL" starttime="20220830 22:25:46.895" endtime="20220830 22:25:46.974"/>
</suite>
<statistics>
<total>
<stat pass="0" fail="1" skip="0">All Tests</stat>
</total>
<tag>
</tag>
<suite>
<stat pass="0" fail="1" skip="0" id="s1" name="Poke">Poke</stat>
</suite>
</statistics>
<errors>
<msg timestamp="20220830 22:25:46.926" level="ERROR">Error in file 'E:\DH\2o_ano\2o_bimestre\testing-II\testing-II\robot\Poke.robot' on line 2: Importing library 'RequestsLibrary' failed: ModuleNotFoundError: No module named 'RequestsLibrary'
Traceback (most recent call last):
  None
PYTHONPATH:
  C:\Users\Alexander Reis\AppData\Local\Programs\Python\Python39\Scripts\robot.exe
  C:\Users\Alexander Reis\AppData\Local\Programs\Python\Python39\python39.zip
  C:\Users\Alexander Reis\AppData\Local\Programs\Python\Python39\DLLs
  C:\Users\Alexander Reis\AppData\Local\Programs\Python\Python39\lib
  C:\Users\Alexander Reis\AppData\Local\Programs\Python\Python39
  C:\Users\Alexander Reis\AppData\Local\Programs\Python\Python39\lib\site-packages</msg>
</errors>
</robot>
